13:09:55.710 [main] INFO  resources.base - From the Customer Portal user is clicking on notification icon
13:11:09.100 [main] INFO  resources.base - The title of the home page is captured
13:11:09.102 [main] INFO  resources.base - The title of the Shop page is Verified Successfully
13:11:16.900 [main] INFO  resources.base - From the Home Page User has Clicked on MarkITPlace tab
13:11:16.901 [main] INFO  resources.base - User has routed to the Shop Page after clicking on MarketPlace link
13:11:18.938 [main] INFO  resources.base - From the Home Page User has Clicked on Manage tab
13:11:20.981 [main] INFO  resources.base - From the Home Page User has Clicked on Insight tab
13:11:21.213 [main] ERROR resources.base - Consulting link is found on home page
13:11:21.267 [main] INFO  resources.base - DFP banner is appearing on the home page in the footer
13:11:41.623 [main] ERROR resources.base - Featured Services section Heading is not appearing on the home page
13:11:41.623 [main] ERROR resources.base - no such element: Unable to locate element: {"method":"xpath","selector":"//h1[text()='Featured Services']"}
  (Session info: chrome=74.0.3729.169)
  (Driver info: chromedriver=2.36.540470 (e522d04694c7ebea4ba8821272dbef4f9b818c91),platform=Windows NT 10.0.17134 x86_64) (WARNING: The server did not provide any stacktrace information)
Command duration or timeout: 0 milliseconds
For documentation on this error, please visit: http://seleniumhq.org/exceptions/no_such_element.html
Build info: version: '3.8.1', revision: '6e95a6684b', time: '2017-12-01T18:33:54.468Z'
System info: host: 'DESKTOP-B75F35K', ip: '192.168.14.216', os.name: 'Windows 10', os.arch: 'amd64', os.version: '10.0', java.version: '1.8.0_171'
Driver info: org.openqa.selenium.chrome.ChromeDriver
Capabilities {acceptInsecureCerts: false, acceptSslCerts: false, applicationCacheEnabled: false, browserConnectionEnabled: false, browserName: chrome, chrome: {chromedriverVersion: 2.36.540470 (e522d04694c7eb..., userDataDir: C:\Users\bilaw\AppData\Loca...}, cssSelectorsEnabled: true, databaseEnabled: false, handlesAlerts: true, hasTouchScreen: false, javascriptEnabled: true, locationContextEnabled: true, mobileEmulationEnabled: false, nativeEvents: true, networkConnectionEnabled: false, pageLoadStrategy: normal, platform: XP, platformName: XP, rotatable: false, setWindowRect: true, takesHeapSnapshot: true, takesScreenshot: true, unexpectedAlertBehaviour: , unhandledPromptBehavior: , version: 74.0.3729.169, webStorageEnabled: true}
Session ID: 011fd5edc0ec7e03b21e61bb2489e18f
*** Element info: {Using=xpath, value=//h1[text()='Featured Services']}
13:12:01.778 [main] ERROR resources.base - User not able to find Get now button on the services section of the home page
13:12:01.778 [main] ERROR resources.base - no such element: Unable to locate element: {"method":"xpath","selector":"(//a[@class='btn btn-primary' and text()='Get it Now'])[1]"}
  (Session info: chrome=74.0.3729.169)
  (Driver info: chromedriver=2.36.540470 (e522d04694c7ebea4ba8821272dbef4f9b818c91),platform=Windows NT 10.0.17134 x86_64) (WARNING: The server did not provide any stacktrace information)
Command duration or timeout: 0 milliseconds
For documentation on this error, please visit: http://seleniumhq.org/exceptions/no_such_element.html
Build info: version: '3.8.1', revision: '6e95a6684b', time: '2017-12-01T18:33:54.468Z'
System info: host: 'DESKTOP-B75F35K', ip: '192.168.14.216', os.name: 'Windows 10', os.arch: 'amd64', os.version: '10.0', java.version: '1.8.0_171'
Driver info: org.openqa.selenium.chrome.ChromeDriver
Capabilities {acceptInsecureCerts: false, acceptSslCerts: false, applicationCacheEnabled: false, browserConnectionEnabled: false, browserName: chrome, chrome: {chromedriverVersion: 2.36.540470 (e522d04694c7eb..., userDataDir: C:\Users\bilaw\AppData\Loca...}, cssSelectorsEnabled: true, databaseEnabled: false, handlesAlerts: true, hasTouchScreen: false, javascriptEnabled: true, locationContextEnabled: true, mobileEmulationEnabled: false, nativeEvents: true, networkConnectionEnabled: false, pageLoadStrategy: normal, platform: XP, platformName: XP, rotatable: false, setWindowRect: true, takesHeapSnapshot: true, takesScreenshot: true, unexpectedAlertBehaviour: , unhandledPromptBehavior: , version: 74.0.3729.169, webStorageEnabled: true}
Session ID: 011fd5edc0ec7e03b21e61bb2489e18f
*** Element info: {Using=xpath, value=(//a[@class='btn btn-primary' and text()='Get it Now'])[1]}
13:12:21.816 [main] ERROR resources.base - From the Pdp Page user not able to find get it now button
13:12:21.816 [main] ERROR resources.base - no such element: Unable to locate element: {"method":"xpath","selector":"//a[@class='btn btn-primary btn-to-cart show-for-tablet modal-btn hide-for-print']"}
  (Session info: chrome=74.0.3729.169)
  (Driver info: chromedriver=2.36.540470 (e522d04694c7ebea4ba8821272dbef4f9b818c91),platform=Windows NT 10.0.17134 x86_64) (WARNING: The server did not provide any stacktrace information)
Command duration or timeout: 0 milliseconds
For documentation on this error, please visit: http://seleniumhq.org/exceptions/no_such_element.html
Build info: version: '3.8.1', revision: '6e95a6684b', time: '2017-12-01T18:33:54.468Z'
System info: host: 'DESKTOP-B75F35K', ip: '192.168.14.216', os.name: 'Windows 10', os.arch: 'amd64', os.version: '10.0', java.version: '1.8.0_171'
Driver info: org.openqa.selenium.chrome.ChromeDriver
Capabilities {acceptInsecureCerts: false, acceptSslCerts: false, applicationCacheEnabled: false, browserConnectionEnabled: false, browserName: chrome, chrome: {chromedriverVersion: 2.36.540470 (e522d04694c7eb..., userDataDir: C:\Users\bilaw\AppData\Loca...}, cssSelectorsEnabled: true, databaseEnabled: false, handlesAlerts: true, hasTouchScreen: false, javascriptEnabled: true, locationContextEnabled: true, mobileEmulationEnabled: false, nativeEvents: true, networkConnectionEnabled: false, pageLoadStrategy: normal, platform: XP, platformName: XP, rotatable: false, setWindowRect: true, takesHeapSnapshot: true, takesScreenshot: true, unexpectedAlertBehaviour: , unhandledPromptBehavior: , version: 74.0.3729.169, webStorageEnabled: true}
Session ID: 011fd5edc0ec7e03b21e61bb2489e18f
*** Element info: {Using=xpath, value=//a[@class='btn btn-primary btn-to-cart show-for-tablet modal-btn hide-for-print']}
13:12:41.934 [main] ERROR resources.base - From the procurement checkout page, Yes button is not present on step#1 page
13:12:41.934 [main] ERROR resources.base - no such element: Unable to locate element: {"method":"xpath","selector":"//a[text()='Yes I do']"}
  (Session info: chrome=74.0.3729.169)
  (Driver info: chromedriver=2.36.540470 (e522d04694c7ebea4ba8821272dbef4f9b818c91),platform=Windows NT 10.0.17134 x86_64) (WARNING: The server did not provide any stacktrace information)
Command duration or timeout: 0 milliseconds
For documentation on this error, please visit: http://seleniumhq.org/exceptions/no_such_element.html
Build info: version: '3.8.1', revision: '6e95a6684b', time: '2017-12-01T18:33:54.468Z'
System info: host: 'DESKTOP-B75F35K', ip: '192.168.14.216', os.name: 'Windows 10', os.arch: 'amd64', os.version: '10.0', java.version: '1.8.0_171'
Driver info: org.openqa.selenium.chrome.ChromeDriver
Capabilities {acceptInsecureCerts: false, acceptSslCerts: false, applicationCacheEnabled: false, browserConnectionEnabled: false, browserName: chrome, chrome: {chromedriverVersion: 2.36.540470 (e522d04694c7eb..., userDataDir: C:\Users\bilaw\AppData\Loca...}, cssSelectorsEnabled: true, databaseEnabled: false, handlesAlerts: true, hasTouchScreen: false, javascriptEnabled: true, locationContextEnabled: true, mobileEmulationEnabled: false, nativeEvents: true, networkConnectionEnabled: false, pageLoadStrategy: normal, platform: XP, platformName: XP, rotatable: false, setWindowRect: true, takesHeapSnapshot: true, takesScreenshot: true, unexpectedAlertBehaviour: , unhandledPromptBehavior: , version: 74.0.3729.169, webStorageEnabled: true}
Session ID: 011fd5edc0ec7e03b21e61bb2489e18f
*** Element info: {Using=xpath, value=//a[text()='Yes I do']}
13:12:50.938 [main] INFO  resources.base - From the Customer Portal user is clicking on notification icon
13:12:51.026 [main] INFO  resources.base - All notifications tab is present on notification page
13:12:51.056 [main] INFO  resources.base - Flagged tab is present on notification page
13:12:56.467 [main] INFO  resources.base - From the Customer Portal user is clicking on User management from account menu
13:13:45.633 [main] INFO  resources.base - User is entering ccp keyword in search box
13:13:59.811 [main] INFO  resources.base - From the Customer Portal user is clicking on manage domains from account menu
13:14:09.519 [main] INFO  resources.base - From the Customer Portal user is clicking on my profile from account menu
13:14:34.861 [main] INFO  resources.base - From the Customer Portal user is clicking on Account settings from account menu
13:15:25.086 [main] ERROR resources.base - On Account Setting Page Browse Button, Save Changes Button or Success Validation message is not appearing
13:15:25.086 [main] ERROR resources.base - no such element: Unable to locate element: {"method":"xpath","selector":"//span[text()='1.png']"}
  (Session info: chrome=74.0.3729.169)
  (Driver info: chromedriver=2.36.540470 (e522d04694c7ebea4ba8821272dbef4f9b818c91),platform=Windows NT 10.0.17134 x86_64) (WARNING: The server did not provide any stacktrace information)
Command duration or timeout: 0 milliseconds
For documentation on this error, please visit: http://seleniumhq.org/exceptions/no_such_element.html
Build info: version: '3.8.1', revision: '6e95a6684b', time: '2017-12-01T18:33:54.468Z'
System info: host: 'DESKTOP-B75F35K', ip: '192.168.14.216', os.name: 'Windows 10', os.arch: 'amd64', os.version: '10.0', java.version: '1.8.0_171'
Driver info: org.openqa.selenium.chrome.ChromeDriver
Capabilities {acceptInsecureCerts: false, acceptSslCerts: false, applicationCacheEnabled: false, browserConnectionEnabled: false, browserName: chrome, chrome: {chromedriverVersion: 2.36.540470 (e522d04694c7eb..., userDataDir: C:\Users\bilaw\AppData\Loca...}, cssSelectorsEnabled: true, databaseEnabled: false, handlesAlerts: true, hasTouchScreen: false, javascriptEnabled: true, locationContextEnabled: true, mobileEmulationEnabled: false, nativeEvents: true, networkConnectionEnabled: false, pageLoadStrategy: normal, platform: XP, platformName: XP, rotatable: false, setWindowRect: true, takesHeapSnapshot: true, takesScreenshot: true, unexpectedAlertBehaviour: , unhandledPromptBehavior: , version: 74.0.3729.169, webStorageEnabled: true}
Session ID: 011fd5edc0ec7e03b21e61bb2489e18f
*** Element info: {Using=xpath, value=//span[text()='1.png']}
13:15:29.643 [main] INFO  resources.base - From the Customer Portal user is clicking on Address Of use from account menu
13:15:39.915 [main] INFO  resources.base - From the Address of Use page user is clicking on request address button
13:15:47.642 [main] INFO  resources.base - From the Customer Portal user is clicking on Catalog Restrictions from account menu
13:04:09.566 [main] INFO  resources.base - The title of the home page is captured
13:04:09.574 [main] INFO  resources.base - The title of the Shop page is Verified Successfully
13:04:17.886 [main] INFO  resources.base - From the Home Page User has Clicked on MarkITPlace tab
13:04:17.886 [main] INFO  resources.base - User has routed to the Shop Page after clicking on MarketPlace link
13:04:19.919 [main] INFO  resources.base - From the Home Page User has Clicked on Manage tab
13:04:21.941 [main] INFO  resources.base - From the Home Page User has Clicked on Insight tab
13:04:22.107 [main] ERROR resources.base - Consulting link is found on home page
13:04:22.152 [main] INFO  resources.base - DFP banner is appearing on the home page in the footer
13:04:22.322 [main] INFO  resources.base - Featured Services section Heading is appearing on the home page
13:04:22.420 [main] INFO  resources.base - In featured Services section get it now button is appearing on the home page
13:04:22.461 [main] INFO  resources.base - Shop By Vendor section Heading is appearing on the home page
13:04:22.527 [main] INFO  resources.base - Your Services Heading is appearing on the home page
13:04:42.832 [main] ERROR resources.base - From the Pdp Page user not able to find get it now button
13:04:42.832 [main] ERROR resources.base - no such element: Unable to locate element: {"method":"xpath","selector":"//a[@class='btn btn-primary btn-to-cart show-for-tablet modal-btn hide-for-print']"}
  (Session info: chrome=74.0.3729.169)
  (Driver info: chromedriver=2.36.540470 (e522d04694c7ebea4ba8821272dbef4f9b818c91),platform=Windows NT 10.0.17134 x86_64) (WARNING: The server did not provide any stacktrace information)
Command duration or timeout: 0 milliseconds
For documentation on this error, please visit: http://seleniumhq.org/exceptions/no_such_element.html
Build info: version: '3.8.1', revision: '6e95a6684b', time: '2017-12-01T18:33:54.468Z'
System info: host: 'DESKTOP-B75F35K', ip: '192.168.14.216', os.name: 'Windows 10', os.arch: 'amd64', os.version: '10.0', java.version: '1.8.0_171'
Driver info: org.openqa.selenium.chrome.ChromeDriver
Capabilities {acceptInsecureCerts: false, acceptSslCerts: false, applicationCacheEnabled: false, browserConnectionEnabled: false, browserName: chrome, chrome: {chromedriverVersion: 2.36.540470 (e522d04694c7eb..., userDataDir: C:\Users\bilaw\AppData\Loca...}, cssSelectorsEnabled: true, databaseEnabled: false, handlesAlerts: true, hasTouchScreen: false, javascriptEnabled: true, locationContextEnabled: true, mobileEmulationEnabled: false, nativeEvents: true, networkConnectionEnabled: false, pageLoadStrategy: normal, platform: XP, platformName: XP, rotatable: false, setWindowRect: true, takesHeapSnapshot: true, takesScreenshot: true, unexpectedAlertBehaviour: , unhandledPromptBehavior: , version: 74.0.3729.169, webStorageEnabled: true}
Session ID: 513599fcd20cdae08c86f669e1823719
*** Element info: {Using=xpath, value=//a[@class='btn btn-primary btn-to-cart show-for-tablet modal-btn hide-for-print']}
13:05:02.960 [main] ERROR resources.base - From the procurement checkout page, Yes button is not present on step#1 page
13:05:02.960 [main] ERROR resources.base - no such element: Unable to locate element: {"method":"xpath","selector":"//a[text()='Yes I do']"}
  (Session info: chrome=74.0.3729.169)
  (Driver info: chromedriver=2.36.540470 (e522d04694c7ebea4ba8821272dbef4f9b818c91),platform=Windows NT 10.0.17134 x86_64) (WARNING: The server did not provide any stacktrace information)
Command duration or timeout: 0 milliseconds
For documentation on this error, please visit: http://seleniumhq.org/exceptions/no_such_element.html
Build info: version: '3.8.1', revision: '6e95a6684b', time: '2017-12-01T18:33:54.468Z'
System info: host: 'DESKTOP-B75F35K', ip: '192.168.14.216', os.name: 'Windows 10', os.arch: 'amd64', os.version: '10.0', java.version: '1.8.0_171'
Driver info: org.openqa.selenium.chrome.ChromeDriver
Capabilities {acceptInsecureCerts: false, acceptSslCerts: false, applicationCacheEnabled: false, browserConnectionEnabled: false, browserName: chrome, chrome: {chromedriverVersion: 2.36.540470 (e522d04694c7eb..., userDataDir: C:\Users\bilaw\AppData\Loca...}, cssSelectorsEnabled: true, databaseEnabled: false, handlesAlerts: true, hasTouchScreen: false, javascriptEnabled: true, locationContextEnabled: true, mobileEmulationEnabled: false, nativeEvents: true, networkConnectionEnabled: false, pageLoadStrategy: normal, platform: XP, platformName: XP, rotatable: false, setWindowRect: true, takesHeapSnapshot: true, takesScreenshot: true, unexpectedAlertBehaviour: , unhandledPromptBehavior: , version: 74.0.3729.169, webStorageEnabled: true}
Session ID: 513599fcd20cdae08c86f669e1823719
*** Element info: {Using=xpath, value=//a[text()='Yes I do']}
13:05:11.154 [main] INFO  resources.base - From the Customer Portal user is clicking on notification icon
13:05:11.212 [main] INFO  resources.base - All notifications tab is present on notification page
13:05:11.232 [main] INFO  resources.base - Flagged tab is present on notification page
13:05:15.725 [main] INFO  resources.base - From the Customer Portal user is clicking on User management from account menu
13:06:04.615 [main] INFO  resources.base - User is entering ccp keyword in search box
13:06:23.097 [main] INFO  resources.base - From the Customer Portal user is clicking on manage domains from account menu
13:06:34.917 [main] INFO  resources.base - From the Customer Portal user is clicking on my profile from account menu
13:07:04.440 [main] INFO  resources.base - From the Customer Portal user is clicking on Account settings from account menu
13:07:55.407 [main] ERROR resources.base - On Account Setting Page Browse Button, Save Changes Button or Success Validation message is not appearing
13:07:55.407 [main] ERROR resources.base - no such element: Unable to locate element: {"method":"xpath","selector":"//span[text()='1.png']"}
  (Session info: chrome=74.0.3729.169)
  (Driver info: chromedriver=2.36.540470 (e522d04694c7ebea4ba8821272dbef4f9b818c91),platform=Windows NT 10.0.17134 x86_64) (WARNING: The server did not provide any stacktrace information)
Command duration or timeout: 0 milliseconds
For documentation on this error, please visit: http://seleniumhq.org/exceptions/no_such_element.html
Build info: version: '3.8.1', revision: '6e95a6684b', time: '2017-12-01T18:33:54.468Z'
System info: host: 'DESKTOP-B75F35K', ip: '192.168.14.216', os.name: 'Windows 10', os.arch: 'amd64', os.version: '10.0', java.version: '1.8.0_171'
Driver info: org.openqa.selenium.chrome.ChromeDriver
Capabilities {acceptInsecureCerts: false, acceptSslCerts: false, applicationCacheEnabled: false, browserConnectionEnabled: false, browserName: chrome, chrome: {chromedriverVersion: 2.36.540470 (e522d04694c7eb..., userDataDir: C:\Users\bilaw\AppData\Loca...}, cssSelectorsEnabled: true, databaseEnabled: false, handlesAlerts: true, hasTouchScreen: false, javascriptEnabled: true, locationContextEnabled: true, mobileEmulationEnabled: false, nativeEvents: true, networkConnectionEnabled: false, pageLoadStrategy: normal, platform: XP, platformName: XP, rotatable: false, setWindowRect: true, takesHeapSnapshot: true, takesScreenshot: true, unexpectedAlertBehaviour: , unhandledPromptBehavior: , version: 74.0.3729.169, webStorageEnabled: true}
Session ID: 513599fcd20cdae08c86f669e1823719
*** Element info: {Using=xpath, value=//span[text()='1.png']}
13:08:03.805 [main] INFO  resources.base - From the Customer Portal user is clicking on Address Of use from account menu
13:08:14.072 [main] INFO  resources.base - From the Address of Use page user is clicking on request address button
13:08:24.627 [main] INFO  resources.base - From the Customer Portal user is clicking on Catalog Restrictions from account menu
13:44:13.089 [main] INFO  resources.base - The title of the home page is captured
13:44:13.109 [main] INFO  resources.base - The title of the Shop page is Verified Successfully
13:44:26.161 [main] INFO  resources.base - From the Home Page User has Clicked on MarkITPlace tab
13:44:26.161 [main] INFO  resources.base - User has routed to the Shop Page after clicking on MarketPlace link
13:44:28.185 [main] INFO  resources.base - From the Home Page User has Clicked on Manage tab
13:44:30.212 [main] INFO  resources.base - From the Home Page User has Clicked on Insight tab
13:44:30.510 [main] ERROR resources.base - Consulting link is found on home page
13:44:30.585 [main] INFO  resources.base - DFP banner is appearing on the home page in the footer
13:44:30.763 [main] INFO  resources.base - Featured Services section Heading is appearing on the home page
13:44:30.850 [main] INFO  resources.base - In featured Services section get it now button is appearing on the home page
13:44:30.926 [main] INFO  resources.base - Shop By Vendor section Heading is appearing on the home page
13:44:30.964 [main] INFO  resources.base - Your Services Heading is appearing on the home page
13:45:01.410 [main] INFO  resources.base - From the Home Page User has Clicked Get Now button from Services Section
13:45:03.553 [main] INFO  resources.base - From the Pdp Page user is clicking on Get it now button
13:45:49.569 [main] INFO  resources.base - Tenancy Information section is present on procurement checkout page
13:45:49.621 [main] INFO  resources.base - Address of Use Section is present on procurement checkout page
13:45:49.654 [main] INFO  resources.base - Payment & Billing Section is present on procurement checkout page
13:45:49.693 [main] INFO  resources.base - Review Order Section is present on procurement checkout page
13:45:51.824 [main] INFO  resources.base - From the procurement checkout page user is clicking on step#1 Yes button
13:45:53.927 [main] INFO  resources.base - From the procurement checkout page user is clicking on step#1 continue button
13:45:56.016 [main] INFO  resources.base - From the procurement checkout page user is clicking on step#1 continue button
13:45:58.118 [main] INFO  resources.base - From the procurement checkout page user is clicking on step#3 continue button
13:46:00.265 [main] INFO  resources.base - From the procurement checkout page user is clicking on submit order button
13:46:35.190 [main] INFO  resources.base - From the Customer Portal user is clicking on notification icon
13:46:35.264 [main] INFO  resources.base - All notifications tab is present on notification page
13:46:35.288 [main] INFO  resources.base - Flagged tab is present on notification page
13:47:10.078 [main] INFO  resources.base - From the Customer Portal user is clicking on User management from account menu
13:47:59.067 [main] INFO  resources.base - User is entering ccp keyword in search box
13:48:17.641 [main] INFO  resources.base - From the Customer Portal user is clicking on manage domains from account menu
13:48:31.420 [main] INFO  resources.base - From the Customer Portal user is clicking on my profile from account menu
13:49:02.907 [main] INFO  resources.base - From the Customer Portal user is clicking on Account settings from account menu
13:49:55.616 [main] ERROR resources.base - On Account Setting Page Browse Button, Save Changes Button or Success Validation message is not appearing
13:49:55.616 [main] ERROR resources.base - no such element: Unable to locate element: {"method":"xpath","selector":"//span[text()='1.png']"}
  (Session info: chrome=74.0.3729.169)
  (Driver info: chromedriver=2.36.540470 (e522d04694c7ebea4ba8821272dbef4f9b818c91),platform=Windows NT 10.0.17134 x86_64) (WARNING: The server did not provide any stacktrace information)
Command duration or timeout: 0 milliseconds
For documentation on this error, please visit: http://seleniumhq.org/exceptions/no_such_element.html
Build info: version: '3.8.1', revision: '6e95a6684b', time: '2017-12-01T18:33:54.468Z'
System info: host: 'DESKTOP-B75F35K', ip: '192.168.14.216', os.name: 'Windows 10', os.arch: 'amd64', os.version: '10.0', java.version: '1.8.0_171'
Driver info: org.openqa.selenium.chrome.ChromeDriver
Capabilities {acceptInsecureCerts: false, acceptSslCerts: false, applicationCacheEnabled: false, browserConnectionEnabled: false, browserName: chrome, chrome: {chromedriverVersion: 2.36.540470 (e522d04694c7eb..., userDataDir: C:\Users\bilaw\AppData\Loca...}, cssSelectorsEnabled: true, databaseEnabled: false, handlesAlerts: true, hasTouchScreen: false, javascriptEnabled: true, locationContextEnabled: true, mobileEmulationEnabled: false, nativeEvents: true, networkConnectionEnabled: false, pageLoadStrategy: normal, platform: XP, platformName: XP, rotatable: false, setWindowRect: true, takesHeapSnapshot: true, takesScreenshot: true, unexpectedAlertBehaviour: , unhandledPromptBehavior: , version: 74.0.3729.169, webStorageEnabled: true}
Session ID: 2949bde076a729d4f1ca2693014ab814
*** Element info: {Using=xpath, value=//span[text()='1.png']}
13:50:37.397 [main] INFO  resources.base - From the Customer Portal user is clicking on Address Of use from account menu
13:50:47.549 [main] INFO  resources.base - From the Address of Use page user is clicking on request address button
13:51:36.536 [main] INFO  resources.base - From the Customer Portal user is clicking on Catalog Restrictions from account menu
14:31:13.081 [main] INFO  resources.base - The title of the home page is captured
14:31:13.106 [main] INFO  resources.base - The title of the Shop page is Verified Successfully
14:31:23.064 [main] INFO  resources.base - From the Home Page User has Clicked on MarkITPlace tab
14:31:23.064 [main] INFO  resources.base - User has routed to the Shop Page after clicking on MarketPlace link
14:31:25.089 [main] INFO  resources.base - From the Home Page User has Clicked on Manage tab
14:31:27.130 [main] INFO  resources.base - From the Home Page User has Clicked on Insight tab
14:31:27.356 [main] ERROR resources.base - Consulting link is found on home page
14:31:27.434 [main] INFO  resources.base - DFP banner is appearing on the home page in the footer
14:31:27.611 [main] INFO  resources.base - Featured Services section Heading is appearing on the home page
14:31:27.720 [main] INFO  resources.base - In featured Services section get it now button is appearing on the home page
14:31:27.822 [main] INFO  resources.base - Shop By Vendor section Heading is appearing on the home page
14:31:27.901 [main] INFO  resources.base - Your Services Heading is appearing on the home page
14:31:34.899 [main] INFO  resources.base - From the Home Page User has Clicked Get Now button from Services Section
14:31:37.057 [main] INFO  resources.base - From the Pdp Page user is clicking on Get it now button
14:31:55.915 [main] INFO  resources.base - Tenancy Information section is present on procurement checkout page
14:31:55.955 [main] INFO  resources.base - Address of Use Section is present on procurement checkout page
14:31:55.987 [main] INFO  resources.base - Payment & Billing Section is present on procurement checkout page
14:31:56.017 [main] INFO  resources.base - Review Order Section is present on procurement checkout page
14:31:58.161 [main] INFO  resources.base - From the procurement checkout page user is clicking on step#1 Yes button
14:32:00.243 [main] INFO  resources.base - From the procurement checkout page user is clicking on step#1 continue button
14:32:02.336 [main] INFO  resources.base - From the procurement checkout page user is clicking on step#1 continue button
14:32:04.484 [main] INFO  resources.base - From the procurement checkout page user is clicking on step#3 continue button
14:32:06.618 [main] INFO  resources.base - From the procurement checkout page user is clicking on submit order button
14:32:21.055 [main] INFO  resources.base - From the Customer Portal user is clicking on notification icon
14:32:21.173 [main] INFO  resources.base - All notifications tab is present on notification page
14:32:21.196 [main] INFO  resources.base - Flagged tab is present on notification page
14:32:26.008 [main] INFO  resources.base - From the Customer Portal user is clicking on User management from account menu
14:33:33.000 [main] ERROR resources.base - no such element: Unable to locate element: {"method":"xpath","selector":"//span[@class='alert-msg' and text()='The user invite is sent successfully and the domain of invited user is added to the list as pending. once the invited user setup their account, the domain will automatically be active']"}
  (Session info: chrome=74.0.3729.169)
  (Driver info: chromedriver=2.36.540470 (e522d04694c7ebea4ba8821272dbef4f9b818c91),platform=Windows NT 10.0.17134 x86_64) (WARNING: The server did not provide any stacktrace information)
Command duration or timeout: 0 milliseconds
For documentation on this error, please visit: http://seleniumhq.org/exceptions/no_such_element.html
Build info: version: '3.8.1', revision: '6e95a6684b', time: '2017-12-01T18:33:54.468Z'
System info: host: 'DESKTOP-B75F35K', ip: '192.168.14.216', os.name: 'Windows 10', os.arch: 'amd64', os.version: '10.0', java.version: '1.8.0_171'
Driver info: org.openqa.selenium.chrome.ChromeDriver
Capabilities {acceptInsecureCerts: false, acceptSslCerts: false, applicationCacheEnabled: false, browserConnectionEnabled: false, browserName: chrome, chrome: {chromedriverVersion: 2.36.540470 (e522d04694c7eb..., userDataDir: C:\Users\bilaw\AppData\Loca...}, cssSelectorsEnabled: true, databaseEnabled: false, handlesAlerts: true, hasTouchScreen: false, javascriptEnabled: true, locationContextEnabled: true, mobileEmulationEnabled: false, nativeEvents: true, networkConnectionEnabled: false, pageLoadStrategy: normal, platform: XP, platformName: XP, rotatable: false, setWindowRect: true, takesHeapSnapshot: true, takesScreenshot: true, unexpectedAlertBehaviour: , unhandledPromptBehavior: , version: 74.0.3729.169, webStorageEnabled: true}
Session ID: 9b8683824e9e0d71be5a5eff2879b428
*** Element info: {Using=xpath, value=//span[@class='alert-msg' and text()='The user invite is sent successfully and the domain of invited user is added to the list as pending. once the invited user setup their account, the domain will automatically be active']}
14:33:53.123 [main] ERROR resources.base - no such element: Unable to locate element: {"method":"xpath","selector":"//a[text()='Users ']"}
  (Session info: chrome=74.0.3729.169)
  (Driver info: chromedriver=2.36.540470 (e522d04694c7ebea4ba8821272dbef4f9b818c91),platform=Windows NT 10.0.17134 x86_64) (WARNING: The server did not provide any stacktrace information)
Command duration or timeout: 0 milliseconds
For documentation on this error, please visit: http://seleniumhq.org/exceptions/no_such_element.html
Build info: version: '3.8.1', revision: '6e95a6684b', time: '2017-12-01T18:33:54.468Z'
System info: host: 'DESKTOP-B75F35K', ip: '192.168.14.216', os.name: 'Windows 10', os.arch: 'amd64', os.version: '10.0', java.version: '1.8.0_171'
Driver info: org.openqa.selenium.chrome.ChromeDriver
Capabilities {acceptInsecureCerts: false, acceptSslCerts: false, applicationCacheEnabled: false, browserConnectionEnabled: false, browserName: chrome, chrome: {chromedriverVersion: 2.36.540470 (e522d04694c7eb..., userDataDir: C:\Users\bilaw\AppData\Loca...}, cssSelectorsEnabled: true, databaseEnabled: false, handlesAlerts: true, hasTouchScreen: false, javascriptEnabled: true, locationContextEnabled: true, mobileEmulationEnabled: false, nativeEvents: true, networkConnectionEnabled: false, pageLoadStrategy: normal, platform: XP, platformName: XP, rotatable: false, setWindowRect: true, takesHeapSnapshot: true, takesScreenshot: true, unexpectedAlertBehaviour: , unhandledPromptBehavior: , version: 74.0.3729.169, webStorageEnabled: true}
Session ID: 9b8683824e9e0d71be5a5eff2879b428
*** Element info: {Using=xpath, value=//a[text()='Users ']}
14:34:13.143 [main] ERROR resources.base - Account menu and manage domains are not appearing in the header of the page
14:34:13.143 [main] ERROR resources.base - no such element: Unable to locate element: {"method":"xpath","selector":"(//span[@class='account-title'])[1]"}
  (Session info: chrome=74.0.3729.169)
  (Driver info: chromedriver=2.36.540470 (e522d04694c7ebea4ba8821272dbef4f9b818c91),platform=Windows NT 10.0.17134 x86_64) (WARNING: The server did not provide any stacktrace information)
Command duration or timeout: 0 milliseconds
For documentation on this error, please visit: http://seleniumhq.org/exceptions/no_such_element.html
Build info: version: '3.8.1', revision: '6e95a6684b', time: '2017-12-01T18:33:54.468Z'
System info: host: 'DESKTOP-B75F35K', ip: '192.168.14.216', os.name: 'Windows 10', os.arch: 'amd64', os.version: '10.0', java.version: '1.8.0_171'
Driver info: org.openqa.selenium.chrome.ChromeDriver
Capabilities {acceptInsecureCerts: false, acceptSslCerts: false, applicationCacheEnabled: false, browserConnectionEnabled: false, browserName: chrome, chrome: {chromedriverVersion: 2.36.540470 (e522d04694c7eb..., userDataDir: C:\Users\bilaw\AppData\Loca...}, cssSelectorsEnabled: true, databaseEnabled: false, handlesAlerts: true, hasTouchScreen: false, javascriptEnabled: true, locationContextEnabled: true, mobileEmulationEnabled: false, nativeEvents: true, networkConnectionEnabled: false, pageLoadStrategy: normal, platform: XP, platformName: XP, rotatable: false, setWindowRect: true, takesHeapSnapshot: true, takesScreenshot: true, unexpectedAlertBehaviour: , unhandledPromptBehavior: , version: 74.0.3729.169, webStorageEnabled: true}
Session ID: 9b8683824e9e0d71be5a5eff2879b428
*** Element info: {Using=xpath, value=(//span[@class='account-title'])[1]}
14:34:33.261 [main] ERROR resources.base - From the Customer Portal user not able to find my profile link from account menu
14:34:33.261 [main] ERROR resources.base - no such element: Unable to locate element: {"method":"xpath","selector":"(//span[@class='account-title'])[1]"}
  (Session info: chrome=74.0.3729.169)
  (Driver info: chromedriver=2.36.540470 (e522d04694c7ebea4ba8821272dbef4f9b818c91),platform=Windows NT 10.0.17134 x86_64) (WARNING: The server did not provide any stacktrace information)
Command duration or timeout: 0 milliseconds
For documentation on this error, please visit: http://seleniumhq.org/exceptions/no_such_element.html
Build info: version: '3.8.1', revision: '6e95a6684b', time: '2017-12-01T18:33:54.468Z'
System info: host: 'DESKTOP-B75F35K', ip: '192.168.14.216', os.name: 'Windows 10', os.arch: 'amd64', os.version: '10.0', java.version: '1.8.0_171'
Driver info: org.openqa.selenium.chrome.ChromeDriver
Capabilities {acceptInsecureCerts: false, acceptSslCerts: false, applicationCacheEnabled: false, browserConnectionEnabled: false, browserName: chrome, chrome: {chromedriverVersion: 2.36.540470 (e522d04694c7eb..., userDataDir: C:\Users\bilaw\AppData\Loca...}, cssSelectorsEnabled: true, databaseEnabled: false, handlesAlerts: true, hasTouchScreen: false, javascriptEnabled: true, locationContextEnabled: true, mobileEmulationEnabled: false, nativeEvents: true, networkConnectionEnabled: false, pageLoadStrategy: normal, platform: XP, platformName: XP, rotatable: false, setWindowRect: true, takesHeapSnapshot: true, takesScreenshot: true, unexpectedAlertBehaviour: , unhandledPromptBehavior: , version: 74.0.3729.169, webStorageEnabled: true}
Session ID: 9b8683824e9e0d71be5a5eff2879b428
*** Element info: {Using=xpath, value=(//span[@class='account-title'])[1]}
14:34:53.336 [main] ERROR resources.base - From the Customer Portal user not able to click on Account settings from account menu
14:34:53.336 [main] ERROR resources.base - no such element: Unable to locate element: {"method":"xpath","selector":"(//span[@class='account-title'])[1]"}
  (Session info: chrome=74.0.3729.169)
  (Driver info: chromedriver=2.36.540470 (e522d04694c7ebea4ba8821272dbef4f9b818c91),platform=Windows NT 10.0.17134 x86_64) (WARNING: The server did not provide any stacktrace information)
Command duration or timeout: 0 milliseconds
For documentation on this error, please visit: http://seleniumhq.org/exceptions/no_such_element.html
Build info: version: '3.8.1', revision: '6e95a6684b', time: '2017-12-01T18:33:54.468Z'
System info: host: 'DESKTOP-B75F35K', ip: '192.168.14.216', os.name: 'Windows 10', os.arch: 'amd64', os.version: '10.0', java.version: '1.8.0_171'
Driver info: org.openqa.selenium.chrome.ChromeDriver
Capabilities {acceptInsecureCerts: false, acceptSslCerts: false, applicationCacheEnabled: false, browserConnectionEnabled: false, browserName: chrome, chrome: {chromedriverVersion: 2.36.540470 (e522d04694c7eb..., userDataDir: C:\Users\bilaw\AppData\Loca...}, cssSelectorsEnabled: true, databaseEnabled: false, handlesAlerts: true, hasTouchScreen: false, javascriptEnabled: true, locationContextEnabled: true, mobileEmulationEnabled: false, nativeEvents: true, networkConnectionEnabled: false, pageLoadStrategy: normal, platform: XP, platformName: XP, rotatable: false, setWindowRect: true, takesHeapSnapshot: true, takesScreenshot: true, unexpectedAlertBehaviour: , unhandledPromptBehavior: , version: 74.0.3729.169, webStorageEnabled: true}
Session ID: 9b8683824e9e0d71be5a5eff2879b428
*** Element info: {Using=xpath, value=(//span[@class='account-title'])[1]}
14:35:13.392 [main] ERROR resources.base - From the Customer Portal user not able to click on Address Of Use from account menu
14:35:13.392 [main] ERROR resources.base - no such element: Unable to locate element: {"method":"xpath","selector":"(//span[@class='account-title'])[1]"}
  (Session info: chrome=74.0.3729.169)
  (Driver info: chromedriver=2.36.540470 (e522d04694c7ebea4ba8821272dbef4f9b818c91),platform=Windows NT 10.0.17134 x86_64) (WARNING: The server did not provide any stacktrace information)
Command duration or timeout: 0 milliseconds
For documentation on this error, please visit: http://seleniumhq.org/exceptions/no_such_element.html
Build info: version: '3.8.1', revision: '6e95a6684b', time: '2017-12-01T18:33:54.468Z'
System info: host: 'DESKTOP-B75F35K', ip: '192.168.14.216', os.name: 'Windows 10', os.arch: 'amd64', os.version: '10.0', java.version: '1.8.0_171'
Driver info: org.openqa.selenium.chrome.ChromeDriver
Capabilities {acceptInsecureCerts: false, acceptSslCerts: false, applicationCacheEnabled: false, browserConnectionEnabled: false, browserName: chrome, chrome: {chromedriverVersion: 2.36.540470 (e522d04694c7eb..., userDataDir: C:\Users\bilaw\AppData\Loca...}, cssSelectorsEnabled: true, databaseEnabled: false, handlesAlerts: true, hasTouchScreen: false, javascriptEnabled: true, locationContextEnabled: true, mobileEmulationEnabled: false, nativeEvents: true, networkConnectionEnabled: false, pageLoadStrategy: normal, platform: XP, platformName: XP, rotatable: false, setWindowRect: true, takesHeapSnapshot: true, takesScreenshot: true, unexpectedAlertBehaviour: , unhandledPromptBehavior: , version: 74.0.3729.169, webStorageEnabled: true}
Session ID: 9b8683824e9e0d71be5a5eff2879b428
*** Element info: {Using=xpath, value=(//span[@class='account-title'])[1]}
14:35:33.457 [main] ERROR resources.base - From the Customer Portal user not able to click on Catalog Restrictions from account menu
14:35:33.457 [main] ERROR resources.base - no such element: Unable to locate element: {"method":"xpath","selector":"(//span[@class='account-title'])[1]"}
  (Session info: chrome=74.0.3729.169)
  (Driver info: chromedriver=2.36.540470 (e522d04694c7ebea4ba8821272dbef4f9b818c91),platform=Windows NT 10.0.17134 x86_64) (WARNING: The server did not provide any stacktrace information)
Command duration or timeout: 0 milliseconds
For documentation on this error, please visit: http://seleniumhq.org/exceptions/no_such_element.html
Build info: version: '3.8.1', revision: '6e95a6684b', time: '2017-12-01T18:33:54.468Z'
System info: host: 'DESKTOP-B75F35K', ip: '192.168.14.216', os.name: 'Windows 10', os.arch: 'amd64', os.version: '10.0', java.version: '1.8.0_171'
Driver info: org.openqa.selenium.chrome.ChromeDriver
Capabilities {acceptInsecureCerts: false, acceptSslCerts: false, applicationCacheEnabled: false, browserConnectionEnabled: false, browserName: chrome, chrome: {chromedriverVersion: 2.36.540470 (e522d04694c7eb..., userDataDir: C:\Users\bilaw\AppData\Loca...}, cssSelectorsEnabled: true, databaseEnabled: false, handlesAlerts: true, hasTouchScreen: false, javascriptEnabled: true, locationContextEnabled: true, mobileEmulationEnabled: false, nativeEvents: true, networkConnectionEnabled: false, pageLoadStrategy: normal, platform: XP, platformName: XP, rotatable: false, setWindowRect: true, takesHeapSnapshot: true, takesScreenshot: true, unexpectedAlertBehaviour: , unhandledPromptBehavior: , version: 74.0.3729.169, webStorageEnabled: true}
Session ID: 9b8683824e9e0d71be5a5eff2879b428
*** Element info: {Using=xpath, value=(//span[@class='account-title'])[1]}
14:35:53.486 [main] ERROR resources.base - From the Customer Portal user not able to click on Change Passowrd Link from account menu
14:35:53.486 [main] ERROR resources.base - no such element: Unable to locate element: {"method":"xpath","selector":"(//span[@class='account-title'])[1]"}
  (Session info: chrome=74.0.3729.169)
  (Driver info: chromedriver=2.36.540470 (e522d04694c7ebea4ba8821272dbef4f9b818c91),platform=Windows NT 10.0.17134 x86_64) (WARNING: The server did not provide any stacktrace information)
Command duration or timeout: 0 milliseconds
For documentation on this error, please visit: http://seleniumhq.org/exceptions/no_such_element.html
Build info: version: '3.8.1', revision: '6e95a6684b', time: '2017-12-01T18:33:54.468Z'
System info: host: 'DESKTOP-B75F35K', ip: '192.168.14.216', os.name: 'Windows 10', os.arch: 'amd64', os.version: '10.0', java.version: '1.8.0_171'
Driver info: org.openqa.selenium.chrome.ChromeDriver
Capabilities {acceptInsecureCerts: false, acceptSslCerts: false, applicationCacheEnabled: false, browserConnectionEnabled: false, browserName: chrome, chrome: {chromedriverVersion: 2.36.540470 (e522d04694c7eb..., userDataDir: C:\Users\bilaw\AppData\Loca...}, cssSelectorsEnabled: true, databaseEnabled: false, handlesAlerts: true, hasTouchScreen: false, javascriptEnabled: true, locationContextEnabled: true, mobileEmulationEnabled: false, nativeEvents: true, networkConnectionEnabled: false, pageLoadStrategy: normal, platform: XP, platformName: XP, rotatable: false, setWindowRect: true, takesHeapSnapshot: true, takesScreenshot: true, unexpectedAlertBehaviour: , unhandledPromptBehavior: , version: 74.0.3729.169, webStorageEnabled: true}
Session ID: 9b8683824e9e0d71be5a5eff2879b428
*** Element info: {Using=xpath, value=(//span[@class='account-title'])[1]}
15:03:38.044 [main] INFO  resources.base - The title of the home page is captured
15:03:38.057 [main] INFO  resources.base - The title of the Shop page is Verified Successfully
15:03:46.852 [main] INFO  resources.base - From the Home Page User has Clicked on MarkITPlace tab
15:03:46.852 [main] INFO  resources.base - User has routed to the Shop Page after clicking on MarketPlace link
15:03:48.875 [main] INFO  resources.base - From the Home Page User has Clicked on Manage tab
15:03:50.906 [main] INFO  resources.base - From the Home Page User has Clicked on Insight tab
15:03:51.052 [main] ERROR resources.base - Consulting link is found on home page
15:03:51.091 [main] INFO  resources.base - DFP banner is appearing on the home page in the footer
15:03:51.217 [main] INFO  resources.base - Featured Services section Heading is appearing on the home page
15:03:51.268 [main] INFO  resources.base - In featured Services section get it now button is appearing on the home page
15:03:51.301 [main] INFO  resources.base - Shop By Vendor section Heading is appearing on the home page
15:03:51.345 [main] INFO  resources.base - Your Services Heading is appearing on the home page
15:04:07.601 [main] INFO  resources.base - From the Home Page User has Clicked Get Now button from Services Section
15:04:09.747 [main] INFO  resources.base - From the Pdp Page user is clicking on Get it now button
15:04:14.283 [main] INFO  resources.base - Tenancy Information section is present on procurement checkout page
15:04:14.317 [main] INFO  resources.base - Address of Use Section is present on procurement checkout page
15:04:14.355 [main] INFO  resources.base - Payment & Billing Section is present on procurement checkout page
15:04:14.387 [main] INFO  resources.base - Review Order Section is present on procurement checkout page
15:04:16.508 [main] INFO  resources.base - From the procurement checkout page user is clicking on step#1 Yes button
15:04:18.598 [main] INFO  resources.base - From the procurement checkout page user is clicking on step#1 continue button
15:04:20.669 [main] INFO  resources.base - From the procurement checkout page user is clicking on step#1 continue button
15:04:22.738 [main] INFO  resources.base - From the procurement checkout page user is clicking on step#3 continue button
15:04:24.814 [main] INFO  resources.base - From the procurement checkout page user is clicking on submit order button
15:05:02.695 [main] INFO  resources.base - From the Customer Portal user is clicking on notification icon
15:05:02.761 [main] INFO  resources.base - All notifications tab is present on notification page
15:05:02.784 [main] INFO  resources.base - Flagged tab is present on notification page
15:05:14.024 [main] INFO  resources.base - From the Customer Portal user is clicking on User management from account menu
15:06:02.771 [main] INFO  resources.base - User is entering ccp keyword in search box
15:06:17.139 [main] INFO  resources.base - From the Customer Portal user is clicking on manage domains from account menu
15:06:30.827 [main] INFO  resources.base - From the Customer Portal user is clicking on my profile from account menu
15:07:11.569 [main] INFO  resources.base - From the Customer Portal user is clicking on Account settings from account menu
15:08:02.245 [main] ERROR resources.base - On Account Setting Page Browse Button, Save Changes Button or Success Validation message is not appearing
15:08:02.247 [main] ERROR resources.base - no such element: Unable to locate element: {"method":"xpath","selector":"//span[text()='1.png']"}
  (Session info: chrome=74.0.3729.169)
  (Driver info: chromedriver=2.36.540470 (e522d04694c7ebea4ba8821272dbef4f9b818c91),platform=Windows NT 10.0.17134 x86_64) (WARNING: The server did not provide any stacktrace information)
Command duration or timeout: 0 milliseconds
For documentation on this error, please visit: http://seleniumhq.org/exceptions/no_such_element.html
Build info: version: '3.8.1', revision: '6e95a6684b', time: '2017-12-01T18:33:54.468Z'
System info: host: 'DESKTOP-B75F35K', ip: '192.168.14.216', os.name: 'Windows 10', os.arch: 'amd64', os.version: '10.0', java.version: '1.8.0_171'
Driver info: org.openqa.selenium.chrome.ChromeDriver
Capabilities {acceptInsecureCerts: false, acceptSslCerts: false, applicationCacheEnabled: false, browserConnectionEnabled: false, browserName: chrome, chrome: {chromedriverVersion: 2.36.540470 (e522d04694c7eb..., userDataDir: C:\Users\bilaw\AppData\Loca...}, cssSelectorsEnabled: true, databaseEnabled: false, handlesAlerts: true, hasTouchScreen: false, javascriptEnabled: true, locationContextEnabled: true, mobileEmulationEnabled: false, nativeEvents: true, networkConnectionEnabled: false, pageLoadStrategy: normal, platform: XP, platformName: XP, rotatable: false, setWindowRect: true, takesHeapSnapshot: true, takesScreenshot: true, unexpectedAlertBehaviour: , unhandledPromptBehavior: , version: 74.0.3729.169, webStorageEnabled: true}
Session ID: 61d54a2674ca53fdd2a03b1d6d3adb7c
*** Element info: {Using=xpath, value=//span[text()='1.png']}
15:08:19.256 [main] INFO  resources.base - From the Customer Portal user is clicking on Address Of use from account menu
15:08:29.421 [main] INFO  resources.base - From the Address of Use page user is clicking on request address button
15:08:41.193 [main] INFO  resources.base - From the Customer Portal user is clicking on Catalog Restrictions from account menu
15:33:43.219 [main] INFO  resources.base - The title of the home page is captured
15:33:43.226 [main] INFO  resources.base - The title of the Shop page is Verified Successfully
15:33:54.476 [main] INFO  resources.base - From the Home Page User has Clicked on MarkITPlace tab
15:33:54.476 [main] INFO  resources.base - User has routed to the Shop Page after clicking on MarketPlace link
15:33:56.509 [main] INFO  resources.base - From the Home Page User has Clicked on Manage tab
15:33:58.530 [main] INFO  resources.base - From the Home Page User has Clicked on Insight tab
15:33:58.843 [main] ERROR resources.base - Consulting link is found on home page
15:33:58.923 [main] INFO  resources.base - DFP banner is appearing on the home page in the footer
15:33:59.128 [main] INFO  resources.base - Featured Services section Heading is appearing on the home page
15:33:59.171 [main] INFO  resources.base - In featured Services section get it now button is appearing on the home page
15:33:59.238 [main] INFO  resources.base - Shop By Vendor section Heading is appearing on the home page
15:33:59.306 [main] INFO  resources.base - Your Services Heading is appearing on the home page
15:34:12.290 [main] INFO  resources.base - From the Home Page User has Clicked Get Now button from Services Section
15:34:14.428 [main] INFO  resources.base - From the Pdp Page user is clicking on Get it now button
15:34:21.387 [main] INFO  resources.base - Tenancy Information section is present on procurement checkout page
15:34:21.421 [main] INFO  resources.base - Address of Use Section is present on procurement checkout page
15:34:21.451 [main] INFO  resources.base - Payment & Billing Section is present on procurement checkout page
15:34:21.480 [main] INFO  resources.base - Review Order Section is present on procurement checkout page
15:34:23.577 [main] INFO  resources.base - From the procurement checkout page user is clicking on step#1 Yes button
15:34:25.664 [main] INFO  resources.base - From the procurement checkout page user is clicking on step#1 continue button
15:34:27.752 [main] INFO  resources.base - From the procurement checkout page user is clicking on step#1 continue button
15:34:29.886 [main] INFO  resources.base - From the procurement checkout page user is clicking on step#3 continue button
15:34:32.079 [main] INFO  resources.base - From the procurement checkout page user is clicking on submit order button
15:34:46.595 [main] INFO  resources.base - From the Customer Portal user is clicking on notification icon
15:34:46.657 [main] INFO  resources.base - All notifications tab is present on notification page
